#
# A fatal error has been detected by the Java Runtime Environment:
#
#  EXCEPTION_ACCESS_VIOLATION (0xc0000005) at pc=0x0000000055f2b947, pid=5568, tid=0x0000000000001104
#
# JRE version:  (8.0_112-b06) (build )
# Java VM: OpenJDK 64-Bit Server VM (25.112-b06 mixed mode windows-amd64 compressed oops)
# Problematic frame:
# V  [jvm.dll+0x1eb947]
#
# Failed to write core dump. Minidumps are not enabled by default on client versions of Windows
#
# If you would like to submit a bug report, please visit:
#   http://bugreport.java.com/bugreport/crash.jsp
#

---------------  T H R E A D  ---------------

Current thread (0x000000000215e800):  JavaThread "Unknown thread" [_thread_in_vm, id=4356, stack(0x00000000022e0000,0x00000000023e0000)]

siginfo: ExceptionCode=0xc0000005, writing address 0x00000000023d9050

Registers:
RAX=0x00000000023d9050, RBX=0x0000000000000007, RCX=0x0000000000006000, RDX=0x0000000000000004
RSP=0x00000000023df050, RBP=0x0000000000000000, RSI=0x00000000023df050, RDI=0x0000000000000007
R8 =0x0000000000000004, R9 =0x000000000215dae0, R10=0x000000001b710ca8, R11=0x00000000022ea138
R12=0x000000000215dae0, R13=0x000000000215e800, R14=0x00000000023df180, R15=0x000000001b710ca8
RIP=0x0000000055f2b947, EFLAGS=0x0000000000010206

Top of Stack: (sp=0x00000000023df050)
0x00000000023df050:   0000000000000000 0000000055020000
0x00000000023df060:   000000000215e800 000000000215dae0
0x00000000023df070:   00000000ffffffff 0000000055f2c877
0x00000000023df080:   00000000023df180 000000001b710ca8
0x00000000023df090:   000000000215e800 0000000000000000
0x00000000023df0a0:   00000007c0011098 0000000000000000
0x00000000023df0b0:   0000000000000000 0000000055f2f001
0x00000000023df0c0:   000000001b710ca8 000000000215e800
0x00000000023df0d0:   00000000023f2f40 0000000000000000
0x00000000023df0e0:   00000000020aa801 0000000000000000
0x00000000023df0f0:   0000000000000000 00000000020a8830
0x00000000023df100:   0000648f64136447 000000001b710ca8
0x00000000023df110:   000000000215e800 0000000055e114fb
0x00000000023df120:   000000000215f2b8 000000000215f2b8
0x00000000023df130:   00000000023df2c8 0000000055d4ad25
0x00000000023df140:   000000001b717918 0000000055e27058 

Instructions: (pc=0x0000000055f2b947)
0x0000000055f2b927:   48 89 6c 24 30 33 ed 66 90 e8 cb b8 07 00 ff c3
0x0000000055f2b937:   48 63 c8 48 8b c6 48 0f af cf 48 ff c7 48 2b c1
0x0000000055f2b947:   89 28 48 63 c3 48 3b 05 45 2c 57 00 7e db 48 8b
0x0000000055f2b957:   6c 24 30 48 8b 5c 24 38 48 8b 74 24 40 48 83 c4 


Register to memory mapping:

RAX=0x00000000023d9050 is pointing into the stack for thread: 0x000000000215e800
RBX=0x0000000000000007 is an unknown value
RCX=0x0000000000006000 is an unknown value
RDX=0x0000000000000004 is an unknown value
RSP=0x00000000023df050 is pointing into the stack for thread: 0x000000000215e800
RBP=0x0000000000000000 is an unknown value
RSI=0x00000000023df050 is pointing into the stack for thread: 0x000000000215e800
RDI=0x0000000000000007 is an unknown value
R8 =0x0000000000000004 is an unknown value
R9 =0x000000000215dae0 is an unknown value
R10={method} {0x000000001b710cb0} '<clinit>' '()V' in 'java/lang/Object'
R11=0x00000000022ea138 is pointing into the stack for thread: 0x000000000215e800
R12=0x000000000215dae0 is an unknown value
R13=0x000000000215e800 is a thread
R14=0x00000000023df180 is pointing into the stack for thread: 0x000000000215e800
R15={method} {0x000000001b710cb0} '<clinit>' '()V' in 'java/lang/Object'


Stack: [0x00000000022e0000,0x00000000023e0000],  sp=0x00000000023df050,  free space=1020k
Native frames: (J=compiled Java code, j=interpreted, Vv=VM code, C=native code)


---------------  P R O C E S S  ---------------

Java Threads: ( => current thread )
=>0x000000000215e800 JavaThread "Unknown thread" [_thread_in_vm, id=4356, stack(0x00000000022e0000,0x00000000023e0000)]

Other Threads:
  0x000000001d160800 VMThread [stack: 0x000000001e190000,0x000000001e290000] [id=6776]

VM state:not at safepoint (normal execution)

VM Mutex/Monitor currently owned by a thread: None

Heap:
 PSYoungGen      total 38400K, used 665K [0x000000076ab00000, 0x000000076d580000, 0x00000007c0000000)
  eden space 33280K, 2% used [0x000000076ab00000,0x000000076aba6670,0x000000076cb80000)
  from space 5120K, 0% used [0x000000076d080000,0x000000076d080000,0x000000076d580000)
  to   space 5120K, 0% used [0x000000076cb80000,0x000000076cb80000,0x000000076d080000)
 ParOldGen       total 87552K, used 0K [0x00000006c0000000, 0x00000006c5580000, 0x000000076ab00000)
  object space 87552K, 0% used [0x00000006c0000000,0x00000006c0000000,0x00000006c5580000)
 Metaspace       used 776K, capacity 4480K, committed 4480K, reserved 1056768K
  class space    used 73K, capacity 384K, committed 384K, reserved 1048576K

Card table byte_map: [0x00000000117a0000,0x0000000011fb0000] byte_map_base: 0x000000000e1a0000

Marking Bits: (ParMarkBitMap*) 0x00000000565018f0
 Begin Bits: [0x0000000012f10000, 0x0000000016f10000)
 End Bits:   [0x0000000016f10000, 0x000000001af10000)

Polling page: 0x0000000001b60000

CodeCache: size=245760Kb used=356Kb max_used=356Kb free=245403Kb
 bounds [0x00000000023e0000, 0x0000000002650000, 0x00000000113e0000]
 total_blobs=71 nmethods=0 adapters=48
 compilation: enabled

Compilation events (0 events):
No events

GC Heap History (0 events):
No events

Deoptimization events (0 events):
No events

Internal exceptions (0 events):
No events

Events (10 events):
Event: 0.017 loading class java/lang/Short done
Event: 0.017 loading class java/lang/Integer
Event: 0.017 loading class java/lang/Integer done
Event: 0.017 loading class java/lang/Long
Event: 0.017 loading class java/lang/Long done
Event: 0.018 loading class java/lang/NullPointerException
Event: 0.018 loading class java/lang/NullPointerException done
Event: 0.018 loading class java/lang/ArithmeticException
Event: 0.018 loading class java/lang/ArithmeticException done
Event: 0.018 Thread 0x000000000215e800 Thread added: 0x000000000215e800


Dynamic libraries:
0x000000013f4b0000 - 0x000000013f4e1000 	E:\android studio\jre\bin\java.exe
0x0000000077490000 - 0x0000000077639000 	C:\Windows\SYSTEM32\ntdll.dll
0x0000000077270000 - 0x000000007738f000 	C:\Windows\system32\kernel32.dll
0x000007fefd5d0000 - 0x000007fefd63c000 	C:\Windows\system32\KERNELBASE.dll
0x000007feff6c0000 - 0x000007feff79b000 	C:\Windows\system32\ADVAPI32.dll
0x000007fefdb90000 - 0x000007fefdc2f000 	C:\Windows\system32\msvcrt.dll
0x000007feff1e0000 - 0x000007feff1ff000 	C:\Windows\SYSTEM32\sechost.dll
0x000007feff390000 - 0x000007feff4bd000 	C:\Windows\system32\RPCRT4.dll
0x0000000077390000 - 0x000000007748a000 	C:\Windows\system32\USER32.dll
0x000007feff310000 - 0x000007feff377000 	C:\Windows\system32\GDI32.dll
0x000007fefe040000 - 0x000007fefe04e000 	C:\Windows\system32\LPK.dll
0x000007feff4c0000 - 0x000007feff589000 	C:\Windows\system32\USP10.dll
0x000007fefbff0000 - 0x000007fefc1e4000 	C:\Windows\WinSxS\amd64_microsoft.windows.common-controls_6595b64144ccf1df_6.0.7601.17514_none_fa396087175ac9ac\COMCTL32.dll
0x000007fefe170000 - 0x000007fefe1e1000 	C:\Windows\system32\SHLWAPI.dll
0x000007fefdc30000 - 0x000007fefdc5e000 	C:\Windows\system32\IMM32.DLL
0x000007feff200000 - 0x000007feff309000 	C:\Windows\system32\MSCTF.dll
0x0000000065480000 - 0x0000000065552000 	E:\android studio\jre\jre\bin\msvcr100.dll
0x0000000055d40000 - 0x000000005657c000 	E:\android studio\jre\jre\bin\server\jvm.dll
0x000007fef04b0000 - 0x000007fef04b9000 	C:\Windows\system32\WSOCK32.dll
0x000007fefe400000 - 0x000007fefe44d000 	C:\Windows\system32\WS2_32.dll
0x000007feff380000 - 0x000007feff388000 	C:\Windows\system32\NSI.dll
0x000007fefb440000 - 0x000007fefb47b000 	C:\Windows\system32\WINMM.dll
0x000007fefc510000 - 0x000007fefc51c000 	C:\Windows\system32\VERSION.dll
0x0000000077660000 - 0x0000000077667000 	C:\Windows\system32\PSAPI.DLL
0x000007fefb730000 - 0x000007fefb73f000 	E:\android studio\jre\jre\bin\verify.dll
0x000007fef2ae0000 - 0x000007fef2b09000 	E:\android studio\jre\jre\bin\java.dll
0x000007fef8040000 - 0x000007fef8056000 	E:\android studio\jre\jre\bin\zip.dll

VM Arguments:
jvm_args: -Djava.awt.headless=true -Xmx4g -Dfile.encoding=GBK -Duser.country=CN -Duser.language=zh -Duser.variant 
java_command: com.android.dx.command.Main --dex --force-jumbo --num-threads=4 --multi-dex --output C:\Users\Administrator\Desktop\AndroidNote\app\build\intermediates\transforms\dex\dev\debug\folders\1000\10\classes_63be0c5ef6971da847ac2a010c093b2e39d35d5e C:\Users\Administrator\.android\build-cache\b85201dbf47c6e8cb623ac4d6b748cbfc658cc0a\output\jars\classes.jar
java_class_path (initial): E:\sdk\build-tools\25.0.0\lib\dx.jar
Launcher Type: SUN_STANDARD

Environment Variables:
JAVA_HOME=C:\Program Files\Java\jdk1.8.0_144
CLASSPATH=.;C:\Program Files\Java\jdk1.8.0_144\bin;C:\Program Files\Java\jdk1.8.0_144\lib\dt.jar;C:\Program Files\Java\jdk1.8.0_144\lib\tools.jar
PATH=C:\ProgramData\Oracle\Java\javapath;C:\Program Files (x86)\NVIDIA Corporation\PhysX\Common;C:\Program Files (x86)\Intel\iCLS Client\;C:\Program Files\Intel\iCLS Client\;C:\Windows\system32;C:\Windows;C:\Windows\System32\Wbem;C:\Windows\System32\WindowsPowerShell\v1.0\;C:\Program Files\Intel\Intel(R) Management Engine Components\DAL;C:\Program Files\Intel\Intel(R) Management Engine Components\IPT;C:\Program Files (x86)\Intel\Intel(R) Management Engine Components\DAL;C:\Program Files (x86)\Intel\Intel(R) Management Engine Components\IPT;C:\Program Files\Java\jdk1.8.0_144\bin;C:\Program Files\Java\jdk1.8.0_144\jre\bin;C:\Program Files\Git\cmd;C:\Program Files\EsafeNet\Cobra DocGuard Client
USERNAME=mrwu
OS=Windows_NT
PROCESSOR_IDENTIFIER=Intel64 Family 6 Model 60 Stepping 3, GenuineIntel



---------------  S Y S T E M  ---------------

OS: Windows 7 , 64 bit Build 7601 (6.1.7601.17651)

CPU:total 8 (4 cores per cpu, 2 threads per core) family 6 model 60 stepping 3, cmov, cx8, fxsr, mmx, sse, sse2, sse3, ssse3, sse4.1, sse4.2, popcnt, avx, avx2, aes, clmul, erms, rtm, lzcnt, ht, tsc, tscinvbit, bmi1, bmi2

Memory: 4k page, physical 8292700k(1730836k free), swap 8290848k(3984k free)

vm_info: OpenJDK 64-Bit Server VM (25.112-b06) for windows-amd64 JRE (1.8.0_112-release-b06), built on Dec  8 2016 00:54:26 by "builder" with MS VC++ 10.0 (VS2010)

time: Tue Aug 22 16:31:43 2017
elapsed time: 0 seconds (0d 0h 0m 0s)

